Using pre-set license
Built from '2020.3/release' branch; Version is '2020.3.2f1 (8fd9074bf66c) revision 9427207'; Using compiler version '192528614'; Build Type 'Release'
OS: 'Windows 10 Home; OS build 19042.867; Version 2009; 64bit' Language: 'en' Physical Memory: 7998 MB
BatchMode: 1, IsHumanControllingUs: 0, StartBugReporterOnCrash: 0, Is64bit: 1, IsPro: 0

 COMMAND LINE ARGUMENTS:
C:\Program Files\Unity\Hub\Editor\2020.3.2f1\Editor\Unity.exe
-adb2
-batchMode
-noUpm
-name
AssetImportWorker0
-projectPath
C:/Users/konst/Documents/Projects/BattleStar Galactica/BattleStar Galactica The Game
-logFile
Logs/AssetImportWorker0.log
-srvPort
58001
Successfully changed project path to: C:/Users/konst/Documents/Projects/BattleStar Galactica/BattleStar Galactica The Game
C:/Users/konst/Documents/Projects/BattleStar Galactica/BattleStar Galactica The Game
Using Asset Import Pipeline V2.
Refreshing native plugins compatible for Editor in 21.19 ms, found 0 plugins.
Preloading 0 native plugins for Editor in 0.00 ms.
Initialize engine version: 2020.3.2f1 (8fd9074bf66c)
[Subsystems] Discovering subsystems at path C:/Program Files/Unity/Hub/Editor/2020.3.2f1/Editor/Data/Resources/UnitySubsystems
[Subsystems] Discovering subsystems at path C:/Users/konst/Documents/Projects/BattleStar Galactica/BattleStar Galactica The Game/Assets
GfxDevice: creating device client; threaded=0
Direct3D:
    Version:  Direct3D 11.0 [level 11.1]
    Renderer: NVIDIA GeForce GTX 1650 (ID=0x1f91)
    Vendor:   
    VRAM:     3962 MB
    Driver:   27.21.14.6589
Initialize mono
Mono path[0] = 'C:/Program Files/Unity/Hub/Editor/2020.3.2f1/Editor/Data/Managed'
Mono path[1] = 'C:/Program Files/Unity/Hub/Editor/2020.3.2f1/Editor/Data/MonoBleedingEdge/lib/mono/unityjit'
Mono config path = 'C:/Program Files/Unity/Hub/Editor/2020.3.2f1/Editor/Data/MonoBleedingEdge/etc'
Using monoOptions --debugger-agent=transport=dt_socket,embedding=1,server=y,suspend=n,address=127.0.0.1:56300
Begin MonoManager ReloadAssembly
Registering precompiled unity dll's ...
Register platform support module: C:/Program Files/Unity/Hub/Editor/2020.3.2f1/Editor/Data/PlaybackEngines/WindowsStandaloneSupport/UnityEditor.WindowsStandalone.Extensions.dll
Registered in 0.002502 seconds.
Native extension for WindowsStandalone target not found
Refreshing native plugins compatible for Editor in 21.47 ms, found 0 plugins.
Preloading 0 native plugins for Editor in 0.00 ms.
Invoked RoslynAnalysisRunner static constructor.
RoslynAnalysisRunner will not be running.
RoslynAnalysisRunner has terminated.
Mono: successfully reloaded assembly
- Completed reload, in  1.097 seconds
Platform modules already initialized, skipping
Registering precompiled user dll's ...
Registered in 0.000770 seconds.
Begin MonoManager ReloadAssembly
Native extension for WindowsStandalone target not found
Refreshing native plugins compatible for Editor in 0.22 ms, found 0 plugins.
Preloading 0 native plugins for Editor in 0.00 ms.
Invoked RoslynAnalysisRunner static constructor.
RoslynAnalysisRunner will not be running.
RoslynAnalysisRunner has terminated.
Mono: successfully reloaded assembly
- Completed reload, in  0.788 seconds
Platform modules already initialized, skipping
========================================================================
Worker process is ready to serve import requests
Launched and connected shader compiler UnityShaderCompiler.exe after 0.07 seconds
Refreshing native plugins compatible for Editor in 0.24 ms, found 0 plugins.
Preloading 0 native plugins for Editor in 0.00 ms.
Unloading 1122 Unused Serialized files (Serialized files now loaded: 0)
System memory in use before: 57.9 MB.
System memory in use after: 57.9 MB.

Unloading 10 unused Assets to reduce memory usage. Loaded Objects now: 1566.
Total: 1.980700 ms (FindLiveObjects: 0.203000 ms CreateObjectMapping: 0.051900 ms MarkObjects: 1.648700 ms  DeleteObjects: 0.076300 ms)

========================================================================
Received Import Request.
  path: Assets/Scripts/Player/ViperMovement.cs
  artifactKey: Guid(7f1e9829f9125de4d984abcb531a9dc4) Importer(815301076,1909f56bfc062723c751e8b465ee728b)
Start importing Assets/Scripts/Player/ViperMovement.cs using Guid(7f1e9829f9125de4d984abcb531a9dc4) Importer(815301076,1909f56bfc062723c751e8b465ee728b)  -> (artifact id: 'fb9870ae8e6f353b4d2e28266f09b43a') in 0.041960 seconds
  Import took 0.044292 seconds .

========================================================================
Received Import Request.
  Time since last request: 8.717464 seconds.
  path: Assets/Scripts/Player/ViperMovement.cs
  artifactKey: Guid(7f1e9829f9125de4d984abcb531a9dc4) Importer(815301076,1909f56bfc062723c751e8b465ee728b)
Start importing Assets/Scripts/Player/ViperMovement.cs using Guid(7f1e9829f9125de4d984abcb531a9dc4) Importer(815301076,1909f56bfc062723c751e8b465ee728b)  -> (artifact id: '3bac52ab336ed2fe3448e572afc08a23') in 0.004726 seconds
  Import took 0.007593 seconds .

========================================================================
Received Import Request.
  Time since last request: 9.714163 seconds.
  path: Assets/Scripts/Player/ViperMovement.cs
  artifactKey: Guid(7f1e9829f9125de4d984abcb531a9dc4) Importer(815301076,1909f56bfc062723c751e8b465ee728b)
Start importing Assets/Scripts/Player/ViperMovement.cs using Guid(7f1e9829f9125de4d984abcb531a9dc4) Importer(815301076,1909f56bfc062723c751e8b465ee728b)  -> (artifact id: '5539a6027155782b3c8059a00325c376') in 0.008201 seconds
  Import took 0.011210 seconds .

========================================================================
Received Import Request.
  Time since last request: 18.211817 seconds.
  path: Assets/Scripts/Player/ViperMovement.cs
  artifactKey: Guid(7f1e9829f9125de4d984abcb531a9dc4) Importer(815301076,1909f56bfc062723c751e8b465ee728b)
Start importing Assets/Scripts/Player/ViperMovement.cs using Guid(7f1e9829f9125de4d984abcb531a9dc4) Importer(815301076,1909f56bfc062723c751e8b465ee728b)  -> (artifact id: 'a757da7d8764edcf5d397d38836875ba') in 0.006422 seconds
  Import took 0.010084 seconds .

========================================================================
Received Prepare
Registering precompiled user dll's ...
Registered in 0.000728 seconds.
Begin MonoManager ReloadAssembly
Native extension for WindowsStandalone target not found
Refreshing native plugins compatible for Editor in 0.23 ms, found 0 plugins.
Preloading 0 native plugins for Editor in 0.00 ms.
Invoked RoslynAnalysisRunner static constructor.
RoslynAnalysisRunner will not be running.
RoslynAnalysisRunner has terminated.
Mono: successfully reloaded assembly
- Completed reload, in  0.718 seconds
Platform modules already initialized, skipping
Refreshing native plugins compatible for Editor in 0.24 ms, found 0 plugins.
Preloading 0 native plugins for Editor in 0.00 ms.
Unloading 1117 Unused Serialized files (Serialized files now loaded: 0)
System memory in use before: 57.8 MB.
System memory in use after: 57.9 MB.

Unloading 5 unused Assets to reduce memory usage. Loaded Objects now: 1569.
Total: 1.834300 ms (FindLiveObjects: 0.125400 ms CreateObjectMapping: 0.029800 ms MarkObjects: 1.626400 ms  DeleteObjects: 0.051400 ms)

========================================================================
Received Import Request.
  Time since last request: 44.421990 seconds.
  path: Assets/Scripts/Player/ViperMovement.cs
  artifactKey: Guid(7f1e9829f9125de4d984abcb531a9dc4) Importer(815301076,1909f56bfc062723c751e8b465ee728b)
Start importing Assets/Scripts/Player/ViperMovement.cs using Guid(7f1e9829f9125de4d984abcb531a9dc4) Importer(815301076,1909f56bfc062723c751e8b465ee728b)  -> (artifact id: '1d7aed17d6347e34b22149f94efe95ab') in 0.005703 seconds
  Import took 0.008465 seconds .

========================================================================
Received Prepare
Registering precompiled user dll's ...
Registered in 0.000802 seconds.
Begin MonoManager ReloadAssembly
Native extension for WindowsStandalone target not found
Refreshing native plugins compatible for Editor in 0.20 ms, found 0 plugins.
Preloading 0 native plugins for Editor in 0.00 ms.
Invoked RoslynAnalysisRunner static constructor.
RoslynAnalysisRunner will not be running.
RoslynAnalysisRunner has terminated.
Mono: successfully reloaded assembly
- Completed reload, in  0.728 seconds
Platform modules already initialized, skipping
Refreshing native plugins compatible for Editor in 0.20 ms, found 0 plugins.
Preloading 0 native plugins for Editor in 0.00 ms.
Unloading 1117 Unused Serialized files (Serialized files now loaded: 0)
System memory in use before: 57.9 MB.
System memory in use after: 57.9 MB.

Unloading 5 unused Assets to reduce memory usage. Loaded Objects now: 1572.
Total: 1.746500 ms (FindLiveObjects: 0.133500 ms CreateObjectMapping: 0.033700 ms MarkObjects: 1.490700 ms  DeleteObjects: 0.087700 ms)

========================================================================
Received Import Request.
  Time since last request: 55.260905 seconds.
  path: Assets/Scripts/Player/ViperMovement.cs
  artifactKey: Guid(7f1e9829f9125de4d984abcb531a9dc4) Importer(815301076,1909f56bfc062723c751e8b465ee728b)
Start importing Assets/Scripts/Player/ViperMovement.cs using Guid(7f1e9829f9125de4d984abcb531a9dc4) Importer(815301076,1909f56bfc062723c751e8b465ee728b)  -> (artifact id: '936cf0082d5b91f9b37f2537e12f7e41') in 0.006560 seconds
  Import took 0.017796 seconds .

========================================================================
Received Import Request.
  Time since last request: 0.942046 seconds.
  path: Assets/Scripts/Player/ViperMovement.cs
  artifactKey: Guid(7f1e9829f9125de4d984abcb531a9dc4) Importer(815301076,1909f56bfc062723c751e8b465ee728b)
Start importing Assets/Scripts/Player/ViperMovement.cs using Guid(7f1e9829f9125de4d984abcb531a9dc4) Importer(815301076,1909f56bfc062723c751e8b465ee728b)  -> (artifact id: '936cf0082d5b91f9b37f2537e12f7e41') in 0.003952 seconds
  Import took 0.005684 seconds .

========================================================================
Received Prepare
Registering precompiled user dll's ...
Registered in 0.000793 seconds.
Begin MonoManager ReloadAssembly
Native extension for WindowsStandalone target not found
Refreshing native plugins compatible for Editor in 0.20 ms, found 0 plugins.
Preloading 0 native plugins for Editor in 0.00 ms.
Invoked RoslynAnalysisRunner static constructor.
RoslynAnalysisRunner will not be running.
RoslynAnalysisRunner has terminated.
Mono: successfully reloaded assembly
- Completed reload, in  0.723 seconds
Platform modules already initialized, skipping
Refreshing native plugins compatible for Editor in 0.20 ms, found 0 plugins.
Preloading 0 native plugins for Editor in 0.00 ms.
Unloading 1117 Unused Serialized files (Serialized files now loaded: 0)
System memory in use before: 57.9 MB.
System memory in use after: 58.0 MB.

Unloading 5 unused Assets to reduce memory usage. Loaded Objects now: 1575.
Total: 2.504900 ms (FindLiveObjects: 0.417700 ms CreateObjectMapping: 0.080200 ms MarkObjects: 1.956900 ms  DeleteObjects: 0.048500 ms)

========================================================================
Received Import Request.
  Time since last request: 57.907478 seconds.
  path: Assets/Scripts/Player/ViperMovement.cs
  artifactKey: Guid(7f1e9829f9125de4d984abcb531a9dc4) Importer(815301076,1909f56bfc062723c751e8b465ee728b)
Start importing Assets/Scripts/Player/ViperMovement.cs using Guid(7f1e9829f9125de4d984abcb531a9dc4) Importer(815301076,1909f56bfc062723c751e8b465ee728b)  -> (artifact id: '9ac8de485f66e49e7675dbe1c68265cc') in 0.005577 seconds
  Import took 0.009480 seconds .

========================================================================
Received Import Request.
  Time since last request: 0.932018 seconds.
  path: Assets/Scripts/Player/ViperMovement.cs
  artifactKey: Guid(7f1e9829f9125de4d984abcb531a9dc4) Importer(815301076,1909f56bfc062723c751e8b465ee728b)
Start importing Assets/Scripts/Player/ViperMovement.cs using Guid(7f1e9829f9125de4d984abcb531a9dc4) Importer(815301076,1909f56bfc062723c751e8b465ee728b)  -> (artifact id: '9ac8de485f66e49e7675dbe1c68265cc') in 0.003873 seconds
  Import took 0.005595 seconds .

========================================================================
Received Prepare
Registering precompiled user dll's ...
Registered in 0.000679 seconds.
Begin MonoManager ReloadAssembly
Native extension for WindowsStandalone target not found
Refreshing native plugins compatible for Editor in 0.19 ms, found 0 plugins.
Preloading 0 native plugins for Editor in 0.00 ms.
Invoked RoslynAnalysisRunner static constructor.
RoslynAnalysisRunner will not be running.
RoslynAnalysisRunner has terminated.
Mono: successfully reloaded assembly
- Completed reload, in  0.690 seconds
Platform modules already initialized, skipping
Refreshing native plugins compatible for Editor in 0.21 ms, found 0 plugins.
Preloading 0 native plugins for Editor in 0.00 ms.
Unloading 1117 Unused Serialized files (Serialized files now loaded: 0)
System memory in use before: 57.9 MB.
System memory in use after: 58.0 MB.

Unloading 5 unused Assets to reduce memory usage. Loaded Objects now: 1578.
Total: 1.737100 ms (FindLiveObjects: 0.154500 ms CreateObjectMapping: 0.044700 ms MarkObjects: 1.490900 ms  DeleteObjects: 0.045700 ms)

AssetImportWorkerClient::OnTransportError - code=2 error=End of file
